[14:39:46] [main/ERROR]: No key layers in MapLike[{}]; No key structures in MapLike[{}]; Not a registry ops
[14:39:46] [main/INFO]: Environment: authHost='https://authserver.mojang.com', accountsHost='https://api.mojang.com', sessionHost='https://sessionserver.mojang.com', servicesHost='https://api.minecraftservices.com', name='PROD'
[14:39:46] [main/INFO]: Found new data pack file/bukkit, loading it automatically
[14:39:46] [main/INFO]: Reloading ResourceManager: Default, bukkit
[14:39:47] [Worker-Main-4/INFO]: Loaded 7 recipes
[14:39:48] [Server thread/INFO]: Starting minecraft server version 1.16.4
[14:39:48] [Server thread/INFO]: Loading properties
[14:39:48] [Server thread/INFO]: This server is running Paper version git-Paper-416 (MC: 1.16.4) (Implementing API version 1.16.4-R0.1-SNAPSHOT)
[14:39:48] [Server thread/ERROR]: [org.bukkit.craftbukkit.v1_16_R3.CraftServer] Could not save commands.yml
java.io.FileNotFoundException: commands.yml (The process cannot access the file because it is being used by another process)
	at java.io.FileOutputStream.open0(Native Method) ~[?:1.8.0_51]
	at java.io.FileOutputStream.open(Unknown Source) ~[?:1.8.0_51]
	at java.io.FileOutputStream.<init>(Unknown Source) ~[?:1.8.0_51]
	at java.io.FileOutputStream.<init>(Unknown Source) ~[?:1.8.0_51]
	at org.bukkit.configuration.file.FileConfiguration.save(FileConfiguration.java:67) ~[patched_1.16.4.jar:git-Paper-416]
	at org.bukkit.craftbukkit.v1_16_R3.CraftServer.saveCommandsConfig(CraftServer.java:377) ~[patched_1.16.4.jar:git-Paper-416]
	at org.bukkit.craftbukkit.v1_16_R3.CraftServer.<init>(CraftServer.java:339) ~[patched_1.16.4.jar:git-Paper-416]
	at net.minecraft.server.v1_16_R3.PlayerList.<init>(PlayerList.java:82) ~[patched_1.16.4.jar:git-Paper-416]
	at net.minecraft.server.v1_16_R3.DedicatedPlayerList.<init>(SourceFile:16) ~[patched_1.16.4.jar:git-Paper-416]
	at net.minecraft.server.v1_16_R3.DedicatedServer.init(DedicatedServer.java:158) ~[patched_1.16.4.jar:git-Paper-416]
	at net.minecraft.server.v1_16_R3.MinecraftServer.w(MinecraftServer.java:935) ~[patched_1.16.4.jar:git-Paper-416]
	at net.minecraft.server.v1_16_R3.MinecraftServer.lambda$a$0(MinecraftServer.java:173) ~[patched_1.16.4.jar:git-Paper-416]
	at net.minecraft.server.v1_16_R3.MinecraftServer$$Lambda$3042/381504811.run(Unknown Source) ~[?:?]
	at java.lang.Thread.run(Unknown Source) [?:1.8.0_51]
[14:39:48] [Server thread/INFO]: Debug logging is disabled
[14:39:48] [Server thread/INFO]: Server Ping Player Sample Count: 12
[14:39:48] [Server thread/INFO]: Using 4 threads for Netty based IO
[14:39:48] [Server thread/INFO]: Default game type: CREATIVE
[14:39:48] [Server thread/INFO]: Generating keypair
[14:39:48] [Server thread/INFO]: Starting Minecraft server on *:25565
[14:39:48] [Server thread/INFO]: Using default channel type
[14:39:49] [Server thread/INFO]: Preparing level "world"
[14:39:50] [Server thread/WARN]: Unable to find spawn biome
[14:39:51] [Server thread/WARN]: Unable to find spawn biome
[14:39:51] [Server thread/INFO]: Preparing start region for dimension minecraft:overworld
[14:39:51] [Server thread/INFO]: Loaded 0 spawn chunks for world world
[14:39:51] [Worker-Main-2/INFO]: Preparing spawn area: 0%
[14:39:52] [Worker-Main-4/INFO]: Preparing spawn area: 0%
[14:39:52] [Server thread/INFO]: Time elapsed: 725 ms
[14:39:52] [Server thread/INFO]: Preparing start region for dimension minecraft:the_nether
[14:39:52] [Server thread/INFO]: Loaded 0 spawn chunks for world world_nether
[14:39:52] [Worker-Main-4/INFO]: Preparing spawn area: 0%
[14:39:52] [Worker-Main-6/INFO]: Preparing spawn area: 0%
[14:39:53] [Server thread/INFO]: Time elapsed: 821 ms
[14:39:53] [Server thread/INFO]: Preparing start region for dimension minecraft:the_end
[14:39:53] [Server thread/INFO]: Loaded 0 spawn chunks for world world_the_end
[14:39:53] [Worker-Main-5/INFO]: Preparing spawn area: 0%
[14:39:53] [Worker-Main-5/INFO]: Preparing spawn area: 0%
[14:39:53] [Server thread/INFO]: Time elapsed: 661 ms
[14:39:53] [Server thread/INFO]: Starting GS4 status listener
[14:39:53] [Server thread/INFO]: Thread Query Listener started
[14:39:53] [Query Listener #1/INFO]: Query running on 0.0.0.0:25565
[14:39:53] [Server thread/INFO]: Running delayed init tasks
[14:39:53] [Server thread/INFO]: Done (5.357s)! For help, type "help"
[14:39:53] [Server thread/WARN]: [io.papermc.paper.util.PaperJvmChecker] ************************************************************
[14:39:53] [Server thread/WARN]: [io.papermc.paper.util.PaperJvmChecker] * WARNING - YOU ARE RUNNING AN OUTDATED VERSION OF JAVA.
[14:39:53] [Server thread/WARN]: [io.papermc.paper.util.PaperJvmChecker] * PAPER WILL STOP BEING COMPATIBLE WITH THIS VERSION OF
[14:39:53] [Server thread/WARN]: [io.papermc.paper.util.PaperJvmChecker] * JAVA WHEN MINECRAFT 1.17 IS RELEASED.
[14:39:53] [Server thread/WARN]: [io.papermc.paper.util.PaperJvmChecker] *
[14:39:53] [Server thread/WARN]: [io.papermc.paper.util.PaperJvmChecker] * Please update the version of Java you use to run Paper
[14:39:53] [Server thread/WARN]: [io.papermc.paper.util.PaperJvmChecker] * to at least Java 11. When Paper for Minecraft 1.17 is
[14:39:53] [Server thread/WARN]: [io.papermc.paper.util.PaperJvmChecker] * released support for versions of Java before 11 will
[14:39:53] [Server thread/WARN]: [io.papermc.paper.util.PaperJvmChecker] * be dropped.
[14:39:53] [Server thread/WARN]: [io.papermc.paper.util.PaperJvmChecker] *
[14:39:53] [Server thread/WARN]: [io.papermc.paper.util.PaperJvmChecker] * Current Java version: 1.8.0_51
[14:39:53] [Server thread/WARN]: [io.papermc.paper.util.PaperJvmChecker] *
[14:39:53] [Server thread/WARN]: [io.papermc.paper.util.PaperJvmChecker] * Check this forum post for more information: 
[14:39:53] [Server thread/WARN]: [io.papermc.paper.util.PaperJvmChecker] *   https://papermc.io/java11
[14:39:53] [Server thread/WARN]: [io.papermc.paper.util.PaperJvmChecker] ************************************************************
[14:39:53] [Server thread/INFO]: Timings Reset
[14:47:37] [Server thread/INFO]: Stopping the server
[14:47:37] [Server thread/INFO]: Stopping server
[14:47:37] [Server thread/INFO]: Saving players
[14:47:37] [Server thread/INFO]: Saving worlds
[14:47:37] [Server thread/INFO]: Saving chunks for level 'ServerLevel[world]'/minecraft:overworld
[14:47:37] [Server thread/INFO]: ThreadedAnvilChunkStorage (world): All chunks are saved
[14:47:37] [Server thread/INFO]: Saving chunks for level 'ServerLevel[world_nether]'/minecraft:the_nether
[14:47:38] [Server thread/INFO]: ThreadedAnvilChunkStorage (DIM-1): All chunks are saved
[14:47:38] [Server thread/INFO]: Saving chunks for level 'ServerLevel[world_the_end]'/minecraft:the_end
[14:47:38] [Server thread/INFO]: ThreadedAnvilChunkStorage (DIM1): All chunks are saved
[14:47:38] [Server thread/INFO]: ThreadedAnvilChunkStorage (world): All chunks are saved
[14:47:38] [Server thread/INFO]: ThreadedAnvilChunkStorage (DIM-1): All chunks are saved
[14:47:38] [Server thread/INFO]: ThreadedAnvilChunkStorage (DIM1): All chunks are saved
[14:47:38] [Server thread/INFO]: Flushing Chunk IO
[14:47:38] [Server thread/INFO]: Closing Thread Pool
[14:47:38] [Server thread/INFO]: Closing Server
